<?xml version="1.0" encoding="UTF-8"?>
<testng-results skipped="0" failed="1" ignored="0" total="1" passed="0">
  <reporter-output>
  </reporter-output>
  <suite name="Default suite" duration-ms="27477" started-at="2020-12-16T11:18:46Z" finished-at="2020-12-16T11:19:14Z">
    <groups>
    </groups>
    <test name="Default test" duration-ms="27477" started-at="2020-12-16T11:18:46Z" finished-at="2020-12-16T11:19:14Z">
      <class name="web_tests.Run_DD_Admin_Tests">
        <test-method status="PASS" signature="beforeClass()[pri:0, instance:web_tests.Run_DD_Admin_Tests@3abbfa04]" name="beforeClass" is-config="true" duration-ms="9099" started-at="2020-12-16T11:18:46Z" finished-at="2020-12-16T11:18:56Z">
          <reporter-output>
          </reporter-output>
        </test-method> <!-- beforeClass -->
        <test-method status="FAIL" signature="Create_A_Branch()[pri:0, instance:web_tests.Run_DD_Admin_Tests@3abbfa04]" name="Create_A_Branch" duration-ms="7711" started-at="2020-12-16T11:18:56Z" finished-at="2020-12-16T11:19:03Z">
          <exception class="java.lang.NullPointerException">
            <full-stacktrace>
              <![CDATA[java.lang.NullPointerException
at keywords.Excel_Keywords.get_cell_Data(Excel_Keywords.java:42)
at web_tests.DD_Admin_Tests.Create_A_Branch(DD_Admin_Tests.java:35)
at web_tests.Run_DD_Admin_Tests.Create_A_Branch(Run_DD_Admin_Tests.java:34)
at sun.reflect.NativeMethodAccessorImpl.invoke0(Native Method)
at sun.reflect.NativeMethodAccessorImpl.invoke(Unknown Source)
at sun.reflect.DelegatingMethodAccessorImpl.invoke(Unknown Source)
at java.lang.reflect.Method.invoke(Unknown Source)
at org.testng.internal.MethodInvocationHelper.invokeMethod(MethodInvocationHelper.java:124)
at org.testng.internal.Invoker.invokeMethod(Invoker.java:583)
at org.testng.internal.Invoker.invokeTestMethod(Invoker.java:719)
at org.testng.internal.Invoker.invokeTestMethods(Invoker.java:989)
at org.testng.internal.TestMethodWorker.invokeTestMethods(TestMethodWorker.java:125)
at org.testng.internal.TestMethodWorker.run(TestMethodWorker.java:109)
at org.testng.TestRunner.privateRun(TestRunner.java:648)
at org.testng.TestRunner.run(TestRunner.java:505)
at org.testng.SuiteRunner.runTest(SuiteRunner.java:455)
at org.testng.SuiteRunner.runSequentially(SuiteRunner.java:450)
at org.testng.SuiteRunner.privateRun(SuiteRunner.java:415)
at org.testng.SuiteRunner.run(SuiteRunner.java:364)
at org.testng.SuiteRunnerWorker.runSuite(SuiteRunnerWorker.java:52)
at org.testng.SuiteRunnerWorker.run(SuiteRunnerWorker.java:84)
at org.testng.TestNG.runSuitesSequentially(TestNG.java:1208)
at org.testng.TestNG.runSuitesLocally(TestNG.java:1137)
at org.testng.TestNG.runSuites(TestNG.java:1049)
at org.testng.TestNG.run(TestNG.java:1017)
at org.testng.remote.AbstractRemoteTestNG.run(AbstractRemoteTestNG.java:114)
at org.testng.remote.RemoteTestNG.initAndRun(RemoteTestNG.java:251)
at org.testng.remote.RemoteTestNG.main(RemoteTestNG.java:77)
]]>
            </full-stacktrace>
          </exception> <!-- java.lang.NullPointerException -->
          <reporter-output>
          </reporter-output>
        </test-method> <!-- Create_A_Branch -->
        <test-method status="PASS" signature="afterMethod(java.lang.reflect.Method)[pri:0, instance:web_tests.Run_DD_Admin_Tests@3abbfa04]" name="afterMethod" is-config="true" duration-ms="465" started-at="2020-12-16T11:19:03Z" finished-at="2020-12-16T11:19:04Z">
          <params>
            <param index="0">
              <value>
                <![CDATA[public void web_tests.Run_DD_Admin_Tests.Create_A_Branch()]]>
              </value>
            </param>
          </params>
          <reporter-output>
          </reporter-output>
        </test-method> <!-- afterMethod -->
        <test-method status="PASS" signature="afterClass()[pri:0, instance:web_tests.Run_DD_Admin_Tests@3abbfa04]" name="afterClass" is-config="true" duration-ms="10145" started-at="2020-12-16T11:19:04Z" finished-at="2020-12-16T11:19:14Z">
          <reporter-output>
          </reporter-output>
        </test-method> <!-- afterClass -->
      </class> <!-- web_tests.Run_DD_Admin_Tests -->
    </test> <!-- Default test -->
  </suite> <!-- Default suite -->
</testng-results>
