<?xml version="1.0" encoding="UTF-8"?>
<testng-results skipped="0" failed="0" ignored="0" total="11" passed="11">
  <reporter-output>
  </reporter-output>
  <suite name="ProjectA" duration-ms="172636" started-at="2021-01-09T07:05:51Z" finished-at="2021-01-09T07:08:44Z">
    <groups>
    </groups>
    <test name="TestA" duration-ms="172636" started-at="2021-01-09T07:05:51Z" finished-at="2021-01-09T07:08:44Z">
      <class name="testng_Framework.TestSuite.Test_Branches2">
        <test-method status="PASS" signature="beforeClass()[pri:0, instance:testng_Framework.TestSuite.Test_Branches2@42dafa95]" name="beforeClass" is-config="true" duration-ms="5853" started-at="2021-01-09T07:06:39Z" finished-at="2021-01-09T07:06:45Z">
          <reporter-output>
          </reporter-output>
        </test-method> <!-- beforeClass -->
        <test-method status="PASS" signature="Tc004_Click_New_Branch_Button()[pri:0, instance:testng_Framework.TestSuite.Test_Branches2@42dafa95]" name="Tc004_Click_New_Branch_Button" duration-ms="15600" started-at="2021-01-09T07:06:45Z" finished-at="2021-01-09T07:07:00Z">
          <reporter-output>
          </reporter-output>
        </test-method> <!-- Tc004_Click_New_Branch_Button -->
        <test-method status="PASS" signature="afterMethod(java.lang.reflect.Method)[pri:0, instance:testng_Framework.TestSuite.Test_Branches2@42dafa95]" name="afterMethod" is-config="true" duration-ms="371" started-at="2021-01-09T07:07:00Z" finished-at="2021-01-09T07:07:01Z">
          <params>
            <param index="0">
              <value>
                <![CDATA[public void testng_Framework.TestSuite.Test_Branches2.Tc004_Click_New_Branch_Button() throws java.lang.InterruptedException]]>
              </value>
            </param>
          </params>
          <reporter-output>
          </reporter-output>
        </test-method> <!-- afterMethod -->
      </class> <!-- testng_Framework.TestSuite.Test_Branches2 -->
      <class name="testng_Framework.TestSuite.Run_Banker_Testcase">
        <test-method status="PASS" signature="beforeClass()[pri:0, instance:testng_Framework.TestSuite.Run_Banker_Testcase@402a079c]" name="beforeClass" is-config="true" duration-ms="5836" started-at="2021-01-09T07:08:22Z" finished-at="2021-01-09T07:08:28Z">
          <reporter-output>
          </reporter-output>
        </test-method> <!-- beforeClass -->
        <test-method status="PASS" signature="banker_login()[pri:0, instance:testng_Framework.TestSuite.Run_Banker_Testcase@402a079c]" name="banker_login" duration-ms="6637" started-at="2021-01-09T07:08:28Z" finished-at="2021-01-09T07:08:35Z">
          <reporter-output>
          </reporter-output>
        </test-method> <!-- banker_login -->
        <test-method status="PASS" signature="afterMethod(java.lang.reflect.Method)[pri:0, instance:testng_Framework.TestSuite.Run_Banker_Testcase@402a079c]" name="afterMethod" is-config="true" duration-ms="337" started-at="2021-01-09T07:08:35Z" finished-at="2021-01-09T07:08:35Z">
          <params>
            <param index="0">
              <value>
                <![CDATA[public void testng_Framework.TestSuite.Run_Banker_Testcase.banker_login()]]>
              </value>
            </param>
          </params>
          <reporter-output>
          </reporter-output>
        </test-method> <!-- afterMethod -->
      </class> <!-- testng_Framework.TestSuite.Run_Banker_Testcase -->
      <class name="testng_Framework.TestSuite.Run_DD_Admin_Tests">
        <test-method status="PASS" signature="beforeClass()[pri:0, instance:testng_Framework.TestSuite.Run_DD_Admin_Tests@271053e1]" name="beforeClass" is-config="true" duration-ms="7467" started-at="2021-01-09T07:05:51Z" finished-at="2021-01-09T07:05:59Z">
          <reporter-output>
          </reporter-output>
        </test-method> <!-- beforeClass -->
        <test-method status="PASS" signature="Create_A_Branch()[pri:0, instance:testng_Framework.TestSuite.Run_DD_Admin_Tests@271053e1]" name="Create_A_Branch" duration-ms="18514" started-at="2021-01-09T07:05:59Z" finished-at="2021-01-09T07:06:17Z">
          <reporter-output>
          </reporter-output>
        </test-method> <!-- Create_A_Branch -->
        <test-method status="PASS" signature="afterMethod(java.lang.reflect.Method)[pri:0, instance:testng_Framework.TestSuite.Run_DD_Admin_Tests@271053e1]" name="afterMethod" is-config="true" duration-ms="400" started-at="2021-01-09T07:06:17Z" finished-at="2021-01-09T07:06:18Z">
          <params>
            <param index="0">
              <value>
                <![CDATA[public void testng_Framework.TestSuite.Run_DD_Admin_Tests.Create_A_Branch() throws java.lang.InterruptedException]]>
              </value>
            </param>
          </params>
          <reporter-output>
          </reporter-output>
        </test-method> <!-- afterMethod -->
        <test-method status="PASS" signature="afterClass()[pri:0, instance:testng_Framework.TestSuite.Run_DD_Admin_Tests@271053e1]" name="afterClass" is-config="true" duration-ms="10238" started-at="2021-01-09T07:06:18Z" finished-at="2021-01-09T07:06:28Z">
          <reporter-output>
          </reporter-output>
        </test-method> <!-- afterClass -->
      </class> <!-- testng_Framework.TestSuite.Run_DD_Admin_Tests -->
      <class name="testng_Framework.TestSuite.Test_Branches">
        <test-method status="PASS" signature="beforeClass()[pri:0, instance:testng_Framework.TestSuite.Test_Branches@589838eb]" name="beforeClass" is-config="true" duration-ms="5784" started-at="2021-01-09T07:06:28Z" finished-at="2021-01-09T07:06:34Z">
          <reporter-output>
          </reporter-output>
        </test-method> <!-- beforeClass -->
        <test-method status="PASS" signature="Tc001_Admin_login_Invalid_Password()[pri:0, instance:testng_Framework.TestSuite.Test_Branches@589838eb]" name="Tc001_Admin_login_Invalid_Password" duration-ms="4770" started-at="2021-01-09T07:06:34Z" finished-at="2021-01-09T07:06:39Z">
          <reporter-output>
          </reporter-output>
        </test-method> <!-- Tc001_Admin_login_Invalid_Password -->
        <test-method status="PASS" signature="afterMethod(java.lang.reflect.Method)[pri:0, instance:testng_Framework.TestSuite.Test_Branches@589838eb]" name="afterMethod" is-config="true" duration-ms="512" started-at="2021-01-09T07:06:39Z" finished-at="2021-01-09T07:06:39Z">
          <params>
            <param index="0">
              <value>
                <![CDATA[public void testng_Framework.TestSuite.Test_Branches.Tc001_Admin_login_Invalid_Password() throws java.lang.InterruptedException]]>
              </value>
            </param>
          </params>
          <reporter-output>
          </reporter-output>
        </test-method> <!-- afterMethod -->
      </class> <!-- testng_Framework.TestSuite.Test_Branches -->
      <class name="testng_Framework.TestSuite.Test_Updations">
        <test-method status="PASS" signature="beforeClass()[pri:0, instance:testng_Framework.TestSuite.Test_Updations@6500df86]" name="beforeClass" is-config="true" duration-ms="5784" started-at="2021-01-09T07:07:01Z" finished-at="2021-01-09T07:07:07Z">
          <reporter-output>
          </reporter-output>
        </test-method> <!-- beforeClass -->
        <test-method status="PASS" signature="Click_On_BranchDelete_Button()[pri:0, instance:testng_Framework.TestSuite.Test_Updations@6500df86]" name="Click_On_BranchDelete_Button" duration-ms="11380" started-at="2021-01-09T07:07:07Z" finished-at="2021-01-09T07:07:18Z">
          <reporter-output>
          </reporter-output>
        </test-method> <!-- Click_On_BranchDelete_Button -->
        <test-method status="PASS" signature="afterMethod(java.lang.reflect.Method)[pri:0, instance:testng_Framework.TestSuite.Test_Updations@6500df86]" name="afterMethod" is-config="true" duration-ms="347" started-at="2021-01-09T07:07:18Z" finished-at="2021-01-09T07:07:18Z">
          <params>
            <param index="0">
              <value>
                <![CDATA[public void testng_Framework.TestSuite.Test_Updations.Click_On_BranchDelete_Button() throws java.lang.InterruptedException]]>
              </value>
            </param>
          </params>
          <reporter-output>
          </reporter-output>
        </test-method> <!-- afterMethod -->
        <test-method status="PASS" signature="Click_On_BranchEdit_Button()[pri:0, instance:testng_Framework.TestSuite.Test_Updations@6500df86]" name="Click_On_BranchEdit_Button" duration-ms="13434" started-at="2021-01-09T07:07:18Z" finished-at="2021-01-09T07:07:32Z">
          <reporter-output>
          </reporter-output>
        </test-method> <!-- Click_On_BranchEdit_Button -->
        <test-method status="PASS" signature="afterMethod(java.lang.reflect.Method)[pri:0, instance:testng_Framework.TestSuite.Test_Updations@6500df86]" name="afterMethod" is-config="true" duration-ms="378" started-at="2021-01-09T07:07:32Z" finished-at="2021-01-09T07:07:32Z">
          <params>
            <param index="0">
              <value>
                <![CDATA[public void testng_Framework.TestSuite.Test_Updations.Click_On_BranchEdit_Button() throws java.lang.InterruptedException]]>
              </value>
            </param>
          </params>
          <reporter-output>
          </reporter-output>
        </test-method> <!-- afterMethod -->
        <test-method status="PASS" signature="Click_On_EmployeeUpdate_Button()[pri:0, instance:testng_Framework.TestSuite.Test_Updations@6500df86]" name="Click_On_EmployeeUpdate_Button" duration-ms="14492" started-at="2021-01-09T07:07:32Z" finished-at="2021-01-09T07:07:47Z">
          <reporter-output>
          </reporter-output>
        </test-method> <!-- Click_On_EmployeeUpdate_Button -->
        <test-method status="PASS" signature="afterMethod(java.lang.reflect.Method)[pri:0, instance:testng_Framework.TestSuite.Test_Updations@6500df86]" name="afterMethod" is-config="true" duration-ms="439" started-at="2021-01-09T07:07:47Z" finished-at="2021-01-09T07:07:47Z">
          <params>
            <param index="0">
              <value>
                <![CDATA[public void testng_Framework.TestSuite.Test_Updations.Click_On_EmployeeUpdate_Button() throws java.lang.InterruptedException]]>
              </value>
            </param>
          </params>
          <reporter-output>
          </reporter-output>
        </test-method> <!-- afterMethod -->
        <test-method status="PASS" signature="Click_On_RolesDelete_Button()[pri:0, instance:testng_Framework.TestSuite.Test_Updations@6500df86]" name="Click_On_RolesDelete_Button" duration-ms="6978" started-at="2021-01-09T07:07:47Z" finished-at="2021-01-09T07:07:54Z">
          <reporter-output>
          </reporter-output>
        </test-method> <!-- Click_On_RolesDelete_Button -->
        <test-method status="PASS" signature="afterMethod(java.lang.reflect.Method)[pri:0, instance:testng_Framework.TestSuite.Test_Updations@6500df86]" name="afterMethod" is-config="true" duration-ms="405" started-at="2021-01-09T07:07:54Z" finished-at="2021-01-09T07:07:55Z">
          <params>
            <param index="0">
              <value>
                <![CDATA[public void testng_Framework.TestSuite.Test_Updations.Click_On_RolesDelete_Button() throws java.lang.InterruptedException]]>
              </value>
            </param>
          </params>
          <reporter-output>
          </reporter-output>
        </test-method> <!-- afterMethod -->
        <test-method status="PASS" signature="Click_On_RolesUpdate_Button()[pri:0, instance:testng_Framework.TestSuite.Test_Updations@6500df86]" name="Click_On_RolesUpdate_Button" duration-ms="9690" started-at="2021-01-09T07:07:55Z" finished-at="2021-01-09T07:08:04Z">
          <reporter-output>
          </reporter-output>
        </test-method> <!-- Click_On_RolesUpdate_Button -->
        <test-method status="PASS" signature="afterMethod(java.lang.reflect.Method)[pri:0, instance:testng_Framework.TestSuite.Test_Updations@6500df86]" name="afterMethod" is-config="true" duration-ms="375" started-at="2021-01-09T07:08:04Z" finished-at="2021-01-09T07:08:05Z">
          <params>
            <param index="0">
              <value>
                <![CDATA[public void testng_Framework.TestSuite.Test_Updations.Click_On_RolesUpdate_Button() throws java.lang.InterruptedException]]>
              </value>
            </param>
          </params>
          <reporter-output>
          </reporter-output>
        </test-method> <!-- afterMethod -->
        <test-method status="PASS" signature="Click_On_UsersDelete_Button()[pri:0, instance:testng_Framework.TestSuite.Test_Updations@6500df86]" name="Click_On_UsersDelete_Button" duration-ms="7124" started-at="2021-01-09T07:08:05Z" finished-at="2021-01-09T07:08:12Z">
          <reporter-output>
          </reporter-output>
        </test-method> <!-- Click_On_UsersDelete_Button -->
        <test-method status="PASS" signature="afterMethod(java.lang.reflect.Method)[pri:0, instance:testng_Framework.TestSuite.Test_Updations@6500df86]" name="afterMethod" is-config="true" duration-ms="366" started-at="2021-01-09T07:08:12Z" finished-at="2021-01-09T07:08:12Z">
          <params>
            <param index="0">
              <value>
                <![CDATA[public void testng_Framework.TestSuite.Test_Updations.Click_On_UsersDelete_Button() throws java.lang.InterruptedException]]>
              </value>
            </param>
          </params>
          <reporter-output>
          </reporter-output>
        </test-method> <!-- afterMethod -->
        <test-method status="PASS" signature="afterClass()[pri:0, instance:testng_Framework.TestSuite.Test_Updations@6500df86]" name="afterClass" is-config="true" duration-ms="10149" started-at="2021-01-09T07:08:12Z" finished-at="2021-01-09T07:08:22Z">
          <reporter-output>
          </reporter-output>
        </test-method> <!-- afterClass -->
      </class> <!-- testng_Framework.TestSuite.Test_Updations -->
      <class name="testng_Framework.TestSuite.Run_Banker_Testcase2">
        <test-method status="PASS" signature="beforeClass()[pri:0, instance:testng_Framework.TestSuite.Run_Banker_Testcase2@59ec2012]" name="beforeClass" is-config="true" duration-ms="6111" started-at="2021-01-09T07:08:35Z" finished-at="2021-01-09T07:08:41Z">
          <reporter-output>
          </reporter-output>
        </test-method> <!-- beforeClass -->
        <test-method status="PASS" signature="banker_login()[pri:0, instance:testng_Framework.TestSuite.Run_Banker_Testcase2@59ec2012]" name="banker_login" duration-ms="2281" started-at="2021-01-09T07:08:41Z" finished-at="2021-01-09T07:08:43Z">
          <reporter-output>
          </reporter-output>
        </test-method> <!-- banker_login -->
        <test-method status="PASS" signature="afterMethod(java.lang.reflect.Method)[pri:0, instance:testng_Framework.TestSuite.Run_Banker_Testcase2@59ec2012]" name="afterMethod" is-config="true" duration-ms="463" started-at="2021-01-09T07:08:43Z" finished-at="2021-01-09T07:08:44Z">
          <params>
            <param index="0">
              <value>
                <![CDATA[public void testng_Framework.TestSuite.Run_Banker_Testcase2.banker_login()]]>
              </value>
            </param>
          </params>
          <reporter-output>
          </reporter-output>
        </test-method> <!-- afterMethod -->
      </class> <!-- testng_Framework.TestSuite.Run_Banker_Testcase2 -->
    </test> <!-- TestA -->
  </suite> <!-- ProjectA -->
</testng-results>
