<?xml version="1.0" encoding="UTF-8"?>
<!-- Generated by org.testng.reporters.JUnitXMLReporter -->
<testsuite hostname="DESKTOP-EO11GR2" ignored="0" name="TestA" tests="11" failures="0" timestamp="09 Jan 2021 07:08:44 GMT" time="172.636" errors="0">
  <testcase name="Create_A_Branch" time="18.514" classname="testng_Framework.TestSuite.Run_DD_Admin_Tests"/>
  <testcase name="Tc001_Admin_login_Invalid_Password" time="4.77" classname="testng_Framework.TestSuite.Test_Branches"/>
  <testcase name="Tc004_Click_New_Branch_Button" time="15.6" classname="testng_Framework.TestSuite.Test_Branches2"/>
  <testcase name="Click_On_BranchDelete_Button" time="11.38" classname="testng_Framework.TestSuite.Test_Updations"/>
  <testcase name="Click_On_BranchEdit_Button" time="13.434" classname="testng_Framework.TestSuite.Test_Updations"/>
  <testcase name="Click_On_EmployeeUpdate_Button" time="14.492" classname="testng_Framework.TestSuite.Test_Updations"/>
  <testcase name="Click_On_RolesDelete_Button" time="6.978" classname="testng_Framework.TestSuite.Test_Updations"/>
  <testcase name="Click_On_RolesUpdate_Button" time="9.69" classname="testng_Framework.TestSuite.Test_Updations"/>
  <testcase name="Click_On_UsersDelete_Button" time="7.124" classname="testng_Framework.TestSuite.Test_Updations"/>
  <testcase name="banker_login" time="6.637" classname="testng_Framework.TestSuite.Run_Banker_Testcase"/>
  <testcase name="banker_login" time="2.281" classname="testng_Framework.TestSuite.Run_Banker_Testcase2"/>
</testsuite> <!-- TestA -->
